<?xml version="1.0" encoding="UTF-8"?>
<robot generator="Robot 3.2.2 (Python 3.9.2 on win32)" generated="20210227 23:42:50.366" rpa="false">
<suite id="s1" name="Test" source="C:\Users\Admin\Desktop\Assignmeunt-1\robotframework\test.robot">
<test id="s1-t1" name="Page Should Show My library">
<kw name="Open Browser And Go To Page" type="setup">
<kw name="Open Browser">
<arguments>
<arg>${FORM_URL}</arg>
<arg>${BROWSER}</arg>
</arguments>
<msg timestamp="20210227 23:42:50.787" level="FAIL">No keyword with name 'Open Browser' found.</msg>
<status status="FAIL" starttime="20210227 23:42:50.787" endtime="20210227 23:42:50.787"></status>
</kw>
<status status="FAIL" starttime="20210227 23:42:50.786" endtime="20210227 23:42:50.787"></status>
</kw>
<kw name="Close Browser" type="teardown">
<msg timestamp="20210227 23:42:50.788" level="FAIL">No keyword with name 'Close Browser' found.</msg>
<status status="FAIL" starttime="20210227 23:42:50.788" endtime="20210227 23:42:50.788">No keyword with name 'Close Browser' found.</status>
</kw>
<doc>When visit the page it should show the text Hello GoogleScholar</doc>
<status status="FAIL" starttime="20210227 23:42:50.786" endtime="20210227 23:42:50.789" critical="yes">Setup failed:
No keyword with name 'Open Browser' found.

Also teardown failed:
No keyword with name 'Close Browser' found.</status>
</test>
<status status="FAIL" starttime="20210227 23:42:50.403" endtime="20210227 23:42:50.789"></status>
</suite>
<statistics>
<total>
<stat pass="0" fail="1">Critical Tests</stat>
<stat pass="0" fail="1">All Tests</stat>
</total>
<tag>
</tag>
<suite>
<stat pass="0" fail="1" id="s1" name="Test">Test</stat>
</suite>
</statistics>
<errors>
<msg timestamp="20210227 23:42:50.785" level="ERROR">Error in file 'C:\Users\Admin\Desktop\Assignmeunt-1\robotframework\test.robot' on line 2: Importing test library 'Selenium2Library' failed: ModuleNotFoundError: No module named 'Selenium2Library'
Traceback (most recent call last):
  None
PYTHONPATH:
  C:\Users\Admin\AppData\Local\Programs\Python\Python39\Scripts\robot.exe
  c:\users\admin\appdata\local\programs\python\python39\python39.zip
  c:\users\admin\appdata\local\programs\python\python39\DLLs
  c:\users\admin\appdata\local\programs\python\python39\lib
  c:\users\admin\appdata\local\programs\python\python39
  c:\users\admin\appdata\local\programs\python\python39\lib\site-packages</msg>
</errors>
</robot>
